2020-01-11T00:36:12: 0: JSHandle:drtoothy - A21JhOE9bLROBTwRy5Q_xoCOQ5YmNr7MYNtVnd5p1_c
2020-01-11T00:52:45: 0: JSHandle:CHANG YONG - -QdNhSdVjr9lnyINSxXVKLL2r-VOECuMj8Pd4-K_TsI
2020-01-11T03:22:47: 0: JSHandle:cristi1999h - -9xqee5W2fiZU0E69jvbNpBqOU9O2d2eFVV8eyrhdWY
2020-01-11T03:53:15: 0: JSHandle:fom - R4Jb8mZf97l6-FbLsEkYjVZvAl4G6O-TD3XWxSe5GTw
2020-01-11T05:07:15: 0: JSHandle:sugi - vhV78fv0NkTxMM5-aw-_AL0nPSyRTUzfV5Fo7SwZEFI
2020-01-11T05:22:43: 0: JSHandle:sugi - vhV78fv0NkTxMM5-aw-_AL0nPSyRTUzfV5Fo7SwZEFI
2020-01-11T05:23:16: 0: JSHandle:pi - rGVVAf6qD3FJsu7UZmoZDQb3nxBFFrvwtOaxdZq9jy8
2020-01-11T05:25:32: 0: JSHandle:sugi - vhV78fv0NkTxMM5-aw-_AL0nPSyRTUzfV5Fo7SwZEFI
2020-01-11T06:03:41: 0: JSHandle:Godita - woiH4p0_rlUE63TEf7JDCq48oSBXYbkZy8ScqIs75YQ
2020-01-11T06:46:14: 0: JSHandle:AmateuR` - 2Bzh_EmyLE2dE0dhJnwKF7jhoF2OCUVIL-Z9kWvY2js
2020-01-11T07:01:32: 0: JSHandle:dau bara in oficial - P6qk6GQUtXVR2kB-7dLcDK6E0pdIVmmUL3B0w03-KvE
2020-01-11T07:15:31: 0: JSHandle:TÜRK EY - TzT411DsNy2yQFeWfgEqolZBrbcxgA2kPXhQtYamGho
2020-01-11T07:18:16: 0: JSHandle:AlєץRครภ๏ש - wS3wzRxuhO5vmO8_YxaXaz-IUm_Py9clFfou2CFdD_0
2020-01-11T07:50:41: 0: JSHandle:EcO - -UmMDvAuv52pVhL0-A_Fi85rdJnYU-Lcdh3NVscIy-w
2020-01-11T07:55:14: 0: JSHandle:Kento - oMzi0nJD77wvMRy0tgjAAcjAEE6WVaQqwjVd0gJmw7s
2020-01-11T08:17:12: 0: JSHandle:BOSS - D0hX7Jri0HbjfM7HtgPbMCzURXSyCdMxICmzoJk9lKQ
2020-01-11T08:17:55: 0: JSHandle:joker - sAlRJI35yoMxk98ReHQ-Ou0R10OUFVnMMoYl5ENjTSs
2020-01-11T08:29:58: 0: JSHandle:Kento - oMzi0nJD77wvMRy0tgjAAcjAEE6WVaQqwjVd0gJmw7s
2020-01-11T08:33:26: 0: JSHandle:q. - Towrq6WhVZ6HCmXdTP-HITgLLWqZODKGyi19lxvbDFc
2020-01-11T08:33:39: 0: JSHandle:BOSS - D0hX7Jri0HbjfM7HtgPbMCzURXSyCdMxICmzoJk9lKQ
2020-01-11T08:33:43: 0: JSHandle:sars  - O5iSZZQxBL3N6PMtc-ycYNcc9vYyBnyPTbN5bJcBphQ
2020-01-11T08:35:29: 0: JSHandle:1A - 4lXBiXqACmpUCDPSg-_wC_M4OfqZcCbzoHpspAGk9k8
2020-01-11T08:47:35: 0: JSHandle:𝓕𝓻𝓮𝓪𝓴 - NMIWeFP9PlkRiY_f9l1bxk-UjRtY-uAP94OcoGeKk-o
2020-01-11T09:00:00: 0: JSHandle:Reus - FP9hIlEVS9CmByKrWv_gvIANvmwmdnZC8ZSrO7d-XdY
2020-01-11T09:50:04: 0: JSHandle:Wivom - BFTsh2F5IE6ISgp76AMSWGGtOF2na1AvODAb_-J1H0M
2020-01-11T09:50:09: 0: JSHandle:adver - vPCkxoqcRY5XhyTVS8KnrB-x2HvJGVqS4G51lL0e6fI
2020-01-11T09:50:51: 0: JSHandle:adver - vPCkxoqcRY5XhyTVS8KnrB-x2HvJGVqS4G51lL0e6fI
2020-01-11T09:51:15: 0: JSHandle:EmEiKej - C3YmxSvypHKUJ3rTzohOGCplB9586bZ9VsA4GlhWNXA
2020-01-11T09:52:03: 0: JSHandle:. - QuoiZDbILdmuI6tlFYHkzK_5AGQfUFTZYVz_iS7Gw3E
2020-01-11T10:06:28: 0: JSHandle:Pablo E.Escobar Gaviria - 1CL5T_Gf5RAA57H28HGImI5VxdtQT7uivua2rLspD6c
2020-01-11T10:08:07: 0: JSHandle:kipa - UcKi7AE4jQtEpzIssw4o94Zn188bwEACkHeZ-DraboM
2020-01-11T10:19:01: 0: JSHandle:drtoothy - A21JhOE9bLROBTwRy5Q_xoCOQ5YmNr7MYNtVnd5p1_c
2020-01-11T10:23:33: 0: JSHandle:Siqua - xS-rGFVnNf6u6IGTCJN5dLJk2BYwG3blQEL_D95sgLI
2020-01-11T10:37:14: 0: JSHandle:Mehmet Ekici - i1QZfhuBCrW_u15kYj5WoiUuHWwmDhwdKtoZdp5yMLM
2020-01-11T10:39:17: 0: JSHandle:Aénk - GXBZNSYhxLrLsYu4dRcZidet2yB9jX-dzvCjTqHiuKk
2020-01-11T10:49:02: 0: JSHandle:Sev - MNDUSMAYOSEOzokUtA7fD5nnge-xprL8V6QjGGfAu3Q
2020-01-11T10:49:53: 0: JSHandle:Sigmund - D7xHcgpVErRVNHNJZy1zhZMphicOz9HVmyM9dKzJPnQ
2020-01-11T10:50:07: 0: JSHandle:Derby - l43zRtHF1W-5KX_Fm6f0mElf0iNCAKMtkdkiw-wyqSY
2020-01-11T10:52:00: 0: JSHandle:junior[RO] - dddoIgxw7eMs-3laBX0YkBcwYWQz4bdbmDPYXcI6RAc
2020-01-11T10:52:17: 0: JSHandle:Sev - MNDUSMAYOSEOzokUtA7fD5nnge-xprL8V6QjGGfAu3Q
2020-01-11T10:52:30: 0: JSHandle:junior[RO] - dddoIgxw7eMs-3laBX0YkBcwYWQz4bdbmDPYXcI6RAc
2020-01-11T11:04:53: 0: JSHandle:Ionut  - Xdgj3a3DakMtKqf5hU6qjHA2sw1nJPhlQWU87YtEotI
2020-01-11T11:06:29: 0: JSHandle:joker - sAlRJI35yoMxk98ReHQ-Ou0R10OUFVnMMoYl5ENjTSs
2020-01-11T11:08:15: 0: JSHandle:lewa - TRv1srnm0Su9SGhwAKoz4MNgZ9X7cbaP9XXz5RBG5jM
2020-01-11T11:11:28: 0: JSHandle:mihhnea - qJBRrnmOQ74QG0vy3XkxC4xz3d7ece9udMBQrdmZu6M
2020-01-11T11:16:23: 0: JSHandle:s1mple - 6CLRzVUd3KzSAtr23jxlMiP1eYgSKfxK9mtOjr7ZwrM
2020-01-11T11:27:44: 0: JSHandle:Fire - MudQDXjFAugzWll1c2sI9z3V6fckC3nN22A1rJX2tYE
2020-01-11T11:40:06: 0: JSHandle:Vlad - ySUctDvXSYMICAWAJaE019kNI04DH21QYCn7IA5WmlM
2020-01-11T11:47:56: 0: JSHandle:iniesta - 6pEGWjBvgfEva9TUC5CWfK7uhMJuYBmI2p20GzJ58LM
2020-01-11T11:57:13: 0: JSHandle:Alpha - C9O91ZcuUkJ7xYHLQY6wcN4ecN6u5D7d2KrpFx6b1Hs
2020-01-11T11:57:31: 0: JSHandle:Alpha - C9O91ZcuUkJ7xYHLQY6wcN4ecN6u5D7d2KrpFx6b1Hs
2020-01-11T12:00:41: 0: JSHandle:Dirk Kuyt - ru8b_D-N_p1_Igy8l9ee8JtCBGtBbyVZ7RtDLPslVPU
2020-01-11T12:04:41: 0: JSHandle:drtoothy - A21JhOE9bLROBTwRy5Q_xoCOQ5YmNr7MYNtVnd5p1_c
2020-01-11T12:23:26: 0: JSHandle:ivanra2a - R4dtEOVEd974zNaC-LTxWD8TMgyGOGla5lIqKowptVU
2020-01-11T12:35:42: 0: JSHandle:LiegeWw - sCFvSVo0BO_L-ZWgqfU56Qk5Af88bqQjRRI-jOc_DOQ
2020-01-11T12:38:04: 0: JSHandle:Alexandru - 15hR6Tc21fpMDYH3VaO3EI4lT_mRP3V16byw5rIXMo8
2020-01-11T12:42:28: 0: JSHandle:juni - rlUzubt9FU9FZJ3iy1pGXNjtl_fiYeDnOoWqDqxEAg8
2020-01-11T13:01:34: 0: JSHandle:frido - cT9LvOFZ1fcfoUWnZ28erJzLCxQPkr3QMocnBKDSuF8
2020-01-11T13:10:53: 0: JSHandle:gnäbry - 4DzZbsbbEC_nHUUqlNh-bvM26bzDEU2wwRfQlQarQPw
2020-01-11T13:21:13: 0: JSHandle:X-man nobbi - m8LAfnm8WRpLT4p2ZmRsQivhSH6SUyetLLX_tTys-H0
2020-01-11T13:36:36: 0: JSHandle:JeffTheKiller - iyqWqY-QVyDJ7w-erdh60UCNvtun1RZwegI33I1WEvQ
2020-01-11T13:38:25: 0: JSHandle: ஜ۩۞۩ஜ I-ᗰ-ᑭ ஜ۩۞۩ஜ - RednqpmVwZ0gcamWpTz99w3l2GxXhzdNZosq9HXxrlQ
2020-01-11T13:52:06: 0: JSHandle:banana - wUVlngRXm_97bXpJR1dRpiO9g9ZRLULTuDqMhDY8kA0
2020-01-11T14:03:07: 0: JSHandle:ATİBA - fwcgAgcLTN5UzMOoaFIcfyV0r8RfOyKIybNpXQlaem8
2020-01-11T14:06:59: 0: JSHandle:STAR - HWTH_lGAseRhCq0A_K8UcHsUp88_W34mKbsZSMBmvgE
2020-01-11T14:08:37: 0: JSHandle:Rapid - ME_LmvbcEuzsOQKiKwnLU-phbeJcARbocB9U5gXJk1M
2020-01-11T14:14:07: 0: JSHandle:Serko - UK3LaceG-N1HEv8E50j_zCpD6hkQUTKEZGNHW83rw5A
2020-01-11T14:23:45: 0: JSHandle:Politano - Ch4Q2K9B3DwRF0jSaP5LerljUaXxwW1t7LmrwFM4bBE
2020-01-11T14:24:18: 0: JSHandle:Politano - Ch4Q2K9B3DwRF0jSaP5LerljUaXxwW1t7LmrwFM4bBE
2020-01-11T14:24:25: 0: JSHandle:Politano - Ch4Q2K9B3DwRF0jSaP5LerljUaXxwW1t7LmrwFM4bBE
2020-01-11T14:35:08: 0: JSHandle:C E Y  - sST04T0t0Rptmsll306VxTfNYWuCK7UWwinYkVwBb7o
2020-01-11T14:41:05: 0: JSHandle:arpacas - XIF4JJJGTmw2U2mY_c2qOuAvuL4J6_QKxMPG-KZfClA
2020-01-11T14:50:41: 0: JSHandle:! - RKrn9R24qERtaLzk3Kp9tDvxQHciV7t9TRhwEcgfPVw
2020-01-11T14:50:44: 0: JSHandle: ஜ۩۞۩ஜ I-ᗰ-ᑭ ஜ۩۞۩ஜ - RednqpmVwZ0gcamWpTz99w3l2GxXhzdNZosq9HXxrlQ
2020-01-11T15:16:18: 0: JSHandle:TzancaUraganu - G8QydLK7UOVKpUcPOEHxr5RXeMWsgqRTlcpJP5rEPJo
2020-01-11T15:17:04: 0: JSHandle:Uai pul' - q3VDpXzq-4o9kzg-T9cxsyXvR6j58-IUeOfxAnWgZWc
2020-01-11T15:17:29: 0: JSHandle:Șapte - 5xmFzsQu9vRRQ-EJpzphXyL0TtiP1g4jY8lX8WDieoU
2020-01-11T15:17:35: 0: JSHandle:𝘔𝘦𝘮𝘱𝘩𝘪𝘴 𝘋𝘦𝘱𝘢𝘺 - YUWJqrgG4sC7AZwiZuS55fla-z38xgTzQgzdRqBQvIQ
2020-01-11T15:56:43: 0: JSHandle:Bruceleeeee5 - T6kdVWBm-GAuZJKGcXqhcNsf6qb9evu1UXk9Tow9IY0
2020-01-11T15:58:40: 0: JSHandle:tac-tu - h5ABay4IhClbZjEvypC2_m6yRBO_TW9PB5mkq6m3XjY

2020-01-12T23:01:20: Reclama Discord started !
2020-01-12T23:05:28: Reclama Discord started !
2020-01-12T23:13:15: Reclama Discord started !
2020-01-12T23:24:31: Reclama Discord started !
2020-01-12T23:29:43: Reclama Discord started !
2020-01-12T23:57:23: Reclama Discord started !
